           _________________________________________________________
          |                                                         |
          |       _/_/_/_/                                          |
          |      _/      _/                  _/_/_/_/_/_/           |
          |     _/      _/  _/      _/   _/      _/      _/_/_/_/_/ |
          |    _/_/_/_/    _/      _/   _/      _/      _/          |
          |   _/          _/_/_/_/_/   _/      _/       _/_/_/_/    |
          |  _/          _/      _/   _/      _/              _/    |
          | _/          _/      _/   _/      _/      _/_/_/_/_/     |
          |                                                         |
          |                                                         |
          |       Particle and Heavy Ion Transport code System      |
          |                      Version =  3.350                   |
          |                       developed by                      |
          |                                                         |
          |  Tatsuhiko SATO, Yosuke IWAMOTO, Shintaro HASHIMOTO,    |
          |    Tatsuhiko OGAWA, Takuya FURUTA, Shinichiro ABE,      |
          |    Takeshi KAI, Norihiro MATSUDA, Yusuke MATSUYA,       |
          |      Yuho HIRATA, Takuya SEKIKAWA, Pi-En TSAI,          |
          |                Hunter RATLIFF (JAEA),                   |
          |                                                         |
          |  Hiroshi IWASE, Yasuhito SAKAKI, Kenta SUGIHARA (KEK),  |
          |                                                         |
          |           Nobuhiro SHIGYO (Kyushu University),          |
          |                                                         |
          |      Lembit SIHVER (Technische Universitat Wien), and   |
          |                                                         |
          |                     Koji NIITA (RIST)                   |
          |                                                         |
          |                 Last Revised  2025-03-28                |
          |_________________________________________________________|

               ________________ [ Job Title ] ______________ 
              |                                             |
              |  Input file for Uniform Phantom Experiment  |
              |_____________________________________________|

                        Starting Date = 2025-10-13
                        Starting Time = 10h 46m 02

>>> Input Echo >>>=============================================================

[ Title ]
Input file for Uniform Phantom Experiment

[ Parameters ]
 icntl    =           0     # (D=0) 3:ECH 5:NOR 6:SRC 7,8:GSH 11:DSH 12:DUMP
 maxcas   =       10000     # (D=10) number of particles per one batch
 maxbch   =          10     # (D=10) number of batches
 file(6)  = phits.out       # (D=phits.out) general output file name

[ Source ]
  totfact =   1.0000        # (D=1.0) global factor
   s-type =   9             # spherical source
     proj =  neutron        # kind of incident particle         
       x0 =   0.0000        # (D=0.0) center position of x-axis [cm]
       y0 =   0.0000        # (D=0.0) center position of y-axis [cm]
       z0 =  -1.0000        # (D=0.0) center position of z-axis [cm]
       r1 =  1.00000E-10    # inner radius [cm]
       r2 =  1.00000E-10    # outer radius [cm]
      dir =   all           # direction of beam [isotropic]
   e-type =   1             # energy distribution given by data
       ne =   52            # number of energy and weight
                            # ne>0: lin, ne<0: log interpolation
 #  data = ( e(i), w(i), i = 1, ne ), emax
  1.10000E-01  1.43600E-02  3.30000E-01  3.34000E-02  5.40000E-01  3.12700E-02
  7.50000E-01  2.81200E-02  9.70000E-01  2.50000E-02  1.18000E+00  2.13600E-02
  1.40000E+00  1.98300E-02  1.61000E+00  1.74700E-02  1.82000E+00  1.92500E-02
  2.04000E+00  2.22500E-02  2.25000E+00  2.14600E-02  2.47000E+00  2.24800E-02
  2.68000E+00  2.27700E-02  2.90000E+00  2.95100E-02  3.11000E+00  3.55900E-02
  3.32000E+00  3.68500E-02  3.54000E+00  3.45800E-02  3.75000E+00  3.06600E-02
  3.97000E+00  2.99900E-02  4.18000E+00  2.69100E-02  4.39000E+00  2.86300E-02
  4.61000E+00  3.17800E-02  4.82000E+00  3.07400E-02  5.04000E+00  3.33400E-02
  5.25000E+00  3.04100E-02  5.47000E+00  2.73800E-02  5.68000E+00  2.33200E-02
  5.89000E+00  2.05800E-02  6.11000E+00  1.81500E-02  6.32000E+00  1.76700E-02
  6.54000E+00  2.03900E-02  6.75000E+00  1.83000E-02  6.96000E+00  1.63000E-02
  7.18000E+00  1.67700E-02  7.39000E+00  1.68100E-02  7.61000E+00  1.88300E-02
  7.82000E+00  1.83700E-02  8.03000E+00  1.68800E-02  8.25000E+00  1.43500E-02
  8.46000E+00  9.67700E-03  8.68000E+00  6.52100E-03  8.89000E+00  4.25500E-03
  9.11000E+00  3.66700E-03  9.32000E+00  3.80600E-03  9.53000E+00  5.05800E-03
  9.75000E+00  6.25300E-03  9.96000E+00  5.51900E-03  1.01800E+01  4.67500E-03
  1.03900E+01  3.69600E-03  1.06000E+01  2.78100E-03  1.08200E+01  1.51400E-03
  1.10300E+01  3.63300E-04  1.10900E+01

[ Material ]
MAT[ 10 ] 
           1H        -1.4000000E-01
          12C        -8.6000000E-01

[ Cell ]
 500        -1                 500 
 1          10 -9.5000000E-01  -1 
 501         0                 -500 1 

[ Surface ]
 500           so    5.0000000E+02
 1             rpp  -2.0000000E+01  2.0000000E+01 -1.5000000E+01
                     1.5000000E+01  0.0000000E+00  5.0000000E+00

[ T-Track ]
    title = Track Detection using [T-track] tally
     mesh =  xyz            # mesh type is xyz scoring mesh
   x-type =    2            # x-mesh is linear given by xmin, xmax and nx
     xmin =  -20.00000      # minimum value of x-mesh points
     xmax =   20.00000      # maximum value of x-mesh points
#    xdel =  0.2000000      # mesh width of x-mesh points
       nx =    200          # number of x-mesh points
#    data = ( x(i), i = 1, nx + 1 )
#          -2.00000E+01 -1.98000E+01 -1.96000E+01 -1.94000E+01 -1.92000E+01
#          -1.90000E+01 -1.88000E+01 -1.86000E+01 -1.84000E+01 -1.82000E+01
#          -1.80000E+01 -1.78000E+01 -1.76000E+01 -1.74000E+01 -1.72000E+01
#          -1.70000E+01 -1.68000E+01 -1.66000E+01 -1.64000E+01 -1.62000E+01
#          -1.60000E+01 -1.58000E+01 -1.56000E+01 -1.54000E+01 -1.52000E+01
#          -1.50000E+01 -1.48000E+01 -1.46000E+01 -1.44000E+01 -1.42000E+01
#          -1.40000E+01 -1.38000E+01 -1.36000E+01 -1.34000E+01 -1.32000E+01
#          -1.30000E+01 -1.28000E+01 -1.26000E+01 -1.24000E+01 -1.22000E+01
#          -1.20000E+01 -1.18000E+01 -1.16000E+01 -1.14000E+01 -1.12000E+01
#          -1.10000E+01 -1.08000E+01 -1.06000E+01 -1.04000E+01 -1.02000E+01
#          -1.00000E+01 -9.80000E+00 -9.60000E+00 -9.40000E+00 -9.20000E+00
#          -9.00000E+00 -8.80000E+00 -8.60000E+00 -8.40000E+00 -8.20000E+00
#          -8.00000E+00 -7.80000E+00 -7.60000E+00 -7.40000E+00 -7.20000E+00
#          -7.00000E+00 -6.80000E+00 -6.60000E+00 -6.40000E+00 -6.20000E+00
#          -6.00000E+00 -5.80000E+00 -5.60000E+00 -5.40000E+00 -5.20000E+00
#          -5.00000E+00 -4.80000E+00 -4.60000E+00 -4.40000E+00 -4.20000E+00
#          -4.00000E+00 -3.80000E+00 -3.60000E+00 -3.40000E+00 -3.20000E+00
#          -3.00000E+00 -2.80000E+00 -2.60000E+00 -2.40000E+00 -2.20000E+00
#          -2.00000E+00 -1.80000E+00 -1.60000E+00 -1.40000E+00 -1.20000E+00
#          -1.00000E+00 -8.00000E-01 -6.00000E-01 -4.00000E-01 -2.00000E-01
#           0.00000E+00  2.00000E-01  4.00000E-01  6.00000E-01  8.00000E-01
#           1.00000E+00  1.20000E+00  1.40000E+00  1.60000E+00  1.80000E+00
#           2.00000E+00  2.20000E+00  2.40000E+00  2.60000E+00  2.80000E+00
#           3.00000E+00  3.20000E+00  3.40000E+00  3.60000E+00  3.80000E+00
#           4.00000E+00  4.20000E+00  4.40000E+00  4.60000E+00  4.80000E+00
#           5.00000E+00  5.20000E+00  5.40000E+00  5.60000E+00  5.80000E+00
#           6.00000E+00  6.20000E+00  6.40000E+00  6.60000E+00  6.80000E+00
#           7.00000E+00  7.20000E+00  7.40000E+00  7.60000E+00  7.80000E+00
#           8.00000E+00  8.20000E+00  8.40000E+00  8.60000E+00  8.80000E+00
#           9.00000E+00  9.20000E+00  9.40000E+00  9.60000E+00  9.80000E+00
#           1.00000E+01  1.02000E+01  1.04000E+01  1.06000E+01  1.08000E+01
#           1.10000E+01  1.12000E+01  1.14000E+01  1.16000E+01  1.18000E+01
#           1.20000E+01  1.22000E+01  1.24000E+01  1.26000E+01  1.28000E+01
#           1.30000E+01  1.32000E+01  1.34000E+01  1.36000E+01  1.38000E+01
#           1.40000E+01  1.42000E+01  1.44000E+01  1.46000E+01  1.48000E+01
#           1.50000E+01  1.52000E+01  1.54000E+01  1.56000E+01  1.58000E+01
#           1.60000E+01  1.62000E+01  1.64000E+01  1.66000E+01  1.68000E+01
#           1.70000E+01  1.72000E+01  1.74000E+01  1.76000E+01  1.78000E+01
#           1.80000E+01  1.82000E+01  1.84000E+01  1.86000E+01  1.88000E+01
#           1.90000E+01  1.92000E+01  1.94000E+01  1.96000E+01  1.98000E+01
#           2.00000E+01
   y-type =    1            # y-mesh is given by the below data
       ny =      1          # number of y-mesh points
#    data = ( y(i), i = 1, ny + 1 )
           -1.50000E+01  1.50000E+01
   z-type =    2            # z-mesh is linear given by zmin, zmax and nz
     zmin =  -2.000000      # minimum value of z-mesh points
     zmax =   20.00000      # maximum value of z-mesh points
#    zdel =  0.1100000      # mesh width of z-mesh points
       nz =    200          # number of z-mesh points
#    data = ( z(i), i = 1, nz + 1 )
#          -2.00000E+00 -1.89000E+00 -1.78000E+00 -1.67000E+00 -1.56000E+00
#          -1.45000E+00 -1.34000E+00 -1.23000E+00 -1.12000E+00 -1.01000E+00
#          -9.00000E-01 -7.90000E-01 -6.80000E-01 -5.70000E-01 -4.60000E-01
#          -3.50000E-01 -2.40000E-01 -1.30000E-01 -2.00000E-02  9.00000E-02
#           2.00000E-01  3.10000E-01  4.20000E-01  5.30000E-01  6.40000E-01
#           7.50000E-01  8.60000E-01  9.70000E-01  1.08000E+00  1.19000E+00
#           1.30000E+00  1.41000E+00  1.52000E+00  1.63000E+00  1.74000E+00
#           1.85000E+00  1.96000E+00  2.07000E+00  2.18000E+00  2.29000E+00
#           2.40000E+00  2.51000E+00  2.62000E+00  2.73000E+00  2.84000E+00
#           2.95000E+00  3.06000E+00  3.17000E+00  3.28000E+00  3.39000E+00
#           3.50000E+00  3.61000E+00  3.72000E+00  3.83000E+00  3.94000E+00
#           4.05000E+00  4.16000E+00  4.27000E+00  4.38000E+00  4.49000E+00
#           4.60000E+00  4.71000E+00  4.82000E+00  4.93000E+00  5.04000E+00
#           5.15000E+00  5.26000E+00  5.37000E+00  5.48000E+00  5.59000E+00
#           5.70000E+00  5.81000E+00  5.92000E+00  6.03000E+00  6.14000E+00
#           6.25000E+00  6.36000E+00  6.47000E+00  6.58000E+00  6.69000E+00
#           6.80000E+00  6.91000E+00  7.02000E+00  7.13000E+00  7.24000E+00
#           7.35000E+00  7.46000E+00  7.57000E+00  7.68000E+00  7.79000E+00
#           7.90000E+00  8.01000E+00  8.12000E+00  8.23000E+00  8.34000E+00
#           8.45000E+00  8.56000E+00  8.67000E+00  8.78000E+00  8.89000E+00
#           9.00000E+00  9.11000E+00  9.22000E+00  9.33000E+00  9.44000E+00
#           9.55000E+00  9.66000E+00  9.77000E+00  9.88000E+00  9.99000E+00
#           1.01000E+01  1.02100E+01  1.03200E+01  1.04300E+01  1.05400E+01
#           1.06500E+01  1.07600E+01  1.08700E+01  1.09800E+01  1.10900E+01
#           1.12000E+01  1.13100E+01  1.14200E+01  1.15300E+01  1.16400E+01
#           1.17500E+01  1.18600E+01  1.19700E+01  1.20800E+01  1.21900E+01
#           1.23000E+01  1.24100E+01  1.25200E+01  1.26300E+01  1.27400E+01
#           1.28500E+01  1.29600E+01  1.30700E+01  1.31800E+01  1.32900E+01
#           1.34000E+01  1.35100E+01  1.36200E+01  1.37300E+01  1.38400E+01
#           1.39500E+01  1.40600E+01  1.41700E+01  1.42800E+01  1.43900E+01
#           1.45000E+01  1.46100E+01  1.47200E+01  1.48300E+01  1.49400E+01
#           1.50500E+01  1.51600E+01  1.52700E+01  1.53800E+01  1.54900E+01
#           1.56000E+01  1.57100E+01  1.58200E+01  1.59300E+01  1.60400E+01
#           1.61500E+01  1.62600E+01  1.63700E+01  1.64800E+01  1.65900E+01
#           1.67000E+01  1.68100E+01  1.69200E+01  1.70300E+01  1.71400E+01
#           1.72500E+01  1.73600E+01  1.74700E+01  1.75800E+01  1.76900E+01
#           1.78000E+01  1.79100E+01  1.80200E+01  1.81300E+01  1.82400E+01
#           1.83500E+01  1.84600E+01  1.85700E+01  1.86800E+01  1.87900E+01
#           1.89000E+01  1.90100E+01  1.91200E+01  1.92300E+01  1.93400E+01
#           1.94500E+01  1.95600E+01  1.96700E+01  1.97800E+01  1.98900E+01
#           2.00000E+01
   e-type =    1            # e-mesh is given by the below data
       ne =      1          # number of e-mesh points
#    data = ( e(i), i = 1, ne + 1 )
            1.00000E-10  1.00000E+01
     unit =    1            # unit is [1/cm^2/source]
 material =  all            # (D=all) number of specific material
  2D-type =    3            # 1:Cont, 2:Clust, 3:Color, 4:xyz, 5:mat, 6:Clust+Cont, 7:Col+Cont
     axis =      xz            # axis of output
     file = track_xz.out    # file name of output for the above axis
     part =  neutron  
# kf/name :  2112     
   epsout =    1            # (D=0) generate eps file by ANGEL
#    used :        main (  %)        temp (  %)       total (  %)
#  memory :         410 (  0)           0 (  0)         410 (  0)

[ T-Point ]
    title = point detector
    point =    1            # number of point estimators
  non      x             y             z            r0
    1     0.000000      0.000000      6.000000      5.000000    
   e-type =    3            # e-mesh is log given by emin, emax and ne
     emin =  1.0000000E-10  # minimum value of e-mesh points
     emax =   10.00000      # maximum value of e-mesh points
#    edel =  0.2532844      # mesh width of e-mesh points
       ne =    100          # number of e-mesh points
#    data = ( e(i), i = 1, ne + 1 )
#           1.00000E-10  1.28825E-10  1.65959E-10  2.13796E-10  2.75423E-10
#           3.54813E-10  4.57088E-10  5.88844E-10  7.58578E-10  9.77237E-10
#           1.25893E-09  1.62181E-09  2.08930E-09  2.69153E-09  3.46737E-09
#           4.46684E-09  5.75440E-09  7.41310E-09  9.54993E-09  1.23027E-08
#           1.58489E-08  2.04174E-08  2.63027E-08  3.38844E-08  4.36516E-08
#           5.62341E-08  7.24436E-08  9.33254E-08  1.20226E-07  1.54882E-07
#           1.99526E-07  2.57040E-07  3.31131E-07  4.26580E-07  5.49541E-07
#           7.07946E-07  9.12011E-07  1.17490E-06  1.51356E-06  1.94984E-06
#           2.51189E-06  3.23594E-06  4.16869E-06  5.37032E-06  6.91831E-06
#           8.91251E-06  1.14815E-05  1.47911E-05  1.90546E-05  2.45471E-05
#           3.16228E-05  4.07380E-05  5.24807E-05  6.76083E-05  8.70964E-05
#           1.12202E-04  1.44544E-04  1.86209E-04  2.39883E-04  3.09030E-04
#           3.98107E-04  5.12861E-04  6.60693E-04  8.51138E-04  1.09648E-03
#           1.41254E-03  1.81970E-03  2.34423E-03  3.01995E-03  3.89045E-03
#           5.01187E-03  6.45654E-03  8.31764E-03  1.07152E-02  1.38038E-02
#           1.77828E-02  2.29087E-02  2.95121E-02  3.80189E-02  4.89779E-02
#           6.30957E-02  8.12831E-02  1.04713E-01  1.34896E-01  1.73780E-01
#           2.23872E-01  2.88403E-01  3.71535E-01  4.78630E-01  6.16595E-01
#           7.94328E-01  1.02329E+00  1.31826E+00  1.69824E+00  2.18776E+00
#           2.81838E+00  3.63078E+00  4.67735E+00  6.02560E+00  7.76247E+00
#           1.00000E+01
     unit =    1            # unit is [1/cm^2/source]
     axis =  eng            # axis of output
     file = point_detector.out  # file name of output for the above axis
     part =  neutron  
# kf/name :  2112     
   epsout =    1            # (D=0) generate eps file by ANGEL
#    used :        main (  %)        temp (  %)       total (  %)
#  memory :         103 (  0)           0 (  0)         103 (  0)

[END] of Input Echo <<<========================================================

<<< Report of real Geometry memory >>>
*           GG/CG memory =        2
*     total memory: mdas = 80000000
*                percent =     0.00 %

<<< Report of material memory for high energy>>>
*   high energy material =        1
*     total memory: mdas = 80000000
*                percent =     0.00 %

<<< Report of material memory for low energy>>>
*    low energy material =      633
*     total memory: mdas = 80000000
*                percent =     0.00 %

<<< Report of real tally memory >>>
*      real tally memory =      513
*     total memory: mdas = 80000000
*                percent =     0.00 %

<<< Report of temporary tally memory >>>
* temporary tally memory =      638
*     total memory: mdas = 80000000
*                percent =     0.00 %

<<< Report of total memory >>>
*      used total memory =      639
*     total memory: mdas = 80000000
*                percent =     0.00 %
*                ---------------------

-------------------------------------------------------------------------------
bat[       1] ncas =          10000.
 bitrseed = 0100001010011000001011101100011110011000110110100110010000000000
          cpu time =   0.466 s.

-------------------------------------------------------------------------------
bat[       2] ncas =          20000.
 bitrseed = 0111011010010100011001101100101001110100011011011011110011011010
          cpu time =   0.474 s.

-------------------------------------------------------------------------------
bat[       3] ncas =          30000.
 bitrseed = 0010001001111000000001011101010001000101000111011100011011111001
          cpu time =   0.517 s.

-------------------------------------------------------------------------------
bat[       4] ncas =          40000.
 bitrseed = 1100111110010100110001011111101110101011011100111100011110011001
          cpu time =   0.483 s.

-------------------------------------------------------------------------------
bat[       5] ncas =          50000.
 bitrseed = 0100101001011011001000100100001001111001110011010001000110110101
          cpu time =   0.501 s.

-------------------------------------------------------------------------------
bat[       6] ncas =          60000.
 bitrseed = 1101100100010001111111011010111010000011100111001110011111110001
          cpu time =   0.479 s.

-------------------------------------------------------------------------------
bat[       7] ncas =          70000.
 bitrseed = 0110100110000100100100010011101000001011001010111110101011011100
          cpu time =   0.501 s.

-------------------------------------------------------------------------------
bat[       8] ncas =          80000.
 bitrseed = 0110010110111011001011101101110000000011011101101111010000000011
          cpu time =   0.479 s.

-------------------------------------------------------------------------------
bat[       9] ncas =          90000.
 bitrseed = 0010001000101001010101000110010101101010010000110000001101100101
          cpu time =   0.503 s.

-------------------------------------------------------------------------------
bat[      10] ncas =         100000.
 bitrseed = 1100110001000110001011111100001001111101000001100101110111110010
          cpu time =   0.507 s.

===============================================================================

 Summary for the end of job

-------------------------------------------------------------------------------
 number of analyz call vs ncol
-------------------------------------------------------------------------------
     ncol          number
        1              1.   : start of calculation            
        2              1.   : end of calculation              
        3             10.   : end of a batch                  
        4         100000.   : source                          
        5              0.   : detection of geometry error/warn
        6              0.   : recovery from geometry warning  
        7              0.   : termination by geometry error   
        8              0.   : termination by weight cut-off   
        9              0.   : termination by time cut-off     
       10          98422.   : geometry boundary crossing      
       11              0.   : termination by energy cut-off   
       12         103592.   : termination by escape or leakage
       13         536302.   : reaction : (n,x) type           
       14              0.   : reaction : (n,n'x) type         
       15              0.   : sequential transport for tally  

-------------------------------------------------------------------------------
 List of transport particles (not including source)
-------------------------------------------------------------------------------
     Name      kf-code        mass       charge   baryon
     photon         22          0.0         0       0

-------------------------------------------------------------------------------
 prod. particles       number        weight        weight per source
-------------------------------------------------------------------------------
     photon             3627.     2.9336192E+03     2.9336192E-02

-------------------------------------------------------------------------------
 leak. particles       number        weight        weight per source
-------------------------------------------------------------------------------
     neutron           99980.     9.7915528E+04     9.7915528E-01
     photon             3612.     2.9195864E+03     2.9195864E-02

-------------------------------------------------------------------------------
 source: maxcas    maxbch      irskip   average weight          total source
-------------------------------------------------------------------------------
       10000          10           0    1.0000000E+00    1.0000000000000E+05

-------------------------------------------------------------------------------
 Geometry error summary
-------------------------------------------------------------------------------
 Number of lost particles     =     0 / nlost =       10
 Number of geometry recovering =     0
 Number of unrecovered errors =     0

-------------------------------------------------------------------------------
 initial random seed:
   bitrseed = 0100001010011000001011101100011110011000110110100110010000000000
 next initial random seed:
   bitrseed = 0001110011011001101111011000110011100000010010101010010011101100

-------------------------------------------------------------------------------
 job termination date : 2025/10/13
                 time :   10:46:08

-------------------------------------------------------------------------------
    CPU time and number of event called in PHITS
-------------------------------------------------------------------------------

                             sec
total cpu time =            5.56


                           count
      analysis =         838326.  : data processing
         nevap =              0.  : evaporation
        dexgam =              0.  : de-excitation
         nreac =         536302.  : atomic and nuclear reactions
         dklos =              0.  : particle decay
         hydro =              0.  : nucleon-nucleon scattering
        n-data =         535014.  : neutron data library
        h-data =              0.  : p, d, a data library
        p-data =           1288.  : photon data library
        e-data =              0.  : electron data library
        p-egs5 =              0.  : photon interaction with EGS5
        e-egs5 =              0.  : electron interaction with EGS5
      e-tsmode =              0.  : electron track structure mode
    ion-tsmode =              0.  : ion track structure mode
     photonucl =              0.  : photo-nuclear reaction
 photonucl lib =              0.  : photo-nuclear reaction with library
       mu-reac =              0.  : muon-induced nuclear reaction
       mu-brem =              0.  : muon-induced bremsstrahlung
       mu-pprd =              0.  : muon-induced pair production
        mu-cap =              0.  : muon capture in nucleus
         elast =              0.  : elastic scattering
         ncasc =              0.  : nuclear reaction model

       bertini =              0.  : Bertini model
        isobar =              0.  : isobar model
           JAM =              0.  : JAM model
           QMD =              0.  : JQMD model
        JAMQMD =              0.  : JAMQMD model
          INCL =              0.  : INCL model
        INCELF =              0.  : INCELF model
     frag data =              0.  : user defined cross section
       SCINFUL =              0.  : SCINFUL mode

>>> Citation Request >>>=======================================================

 This execution uses model(s) that must be explicitly cited in addition to
 the PHITS original document: T.Sato et al., J.Nucl.Sci.Technol.61, 127-135 (2024).
 Please refer the following document(s) in your publication using this result

 The KUROTAMA model:
    K. Iida, A. Kohama, and K. Oyamatsu, J. Phys. Soc. Japan 76, 044201 (2007).

 END 
